2026-04-14 08:52:24,072 | INFO | System boot started
2026-04-14 08:52:24,139 | INFO | Database tables ready
2026-04-14 08:52:24,154 | INFO | Initial seed data inserted
2026-04-14 08:55:27,732 | INFO | System UI launched
2026-04-14 11:05:03,830 | INFO | System boot started
2026-04-14 11:05:03,853 | INFO | Tables verified / created
2026-04-14 11:05:03,854 | INFO | Seed data skipped: UNIQUE constraint failed: sys_users.usr_name
2026-04-14 11:08:30,277 | INFO | System session ended at 2026-04-14 11:08:30.277781
2026-04-14 11:18:00,869 | INFO | System boot started
2026-04-14 11:18:00,870 | INFO | Tables verified / created
2026-04-14 11:18:00,890 | INFO | Seed data inserted successfully
2026-04-14 11:19:24,562 | INFO | System session ended at 2026-04-14 11:19:24.562084
2026-04-14 11:21:19,807 | INFO | System boot started
2026-04-14 11:21:19,808 | INFO | Tables verified / created
2026-04-14 11:21:19,817 | INFO | Seed data inserted successfully
2026-04-14 11:22:36,362 | INFO | System session ended at 2026-04-14 11:22:36.362237
2026-04-14 11:24:50,489 | INFO | System boot started
2026-04-14 11:24:50,491 | INFO | Tables verified / created
2026-04-14 11:24:50,514 | INFO | Seed data inserted successfully
2026-04-14 11:26:17,816 | INFO | System session ended at 2026-04-14 11:26:17.816212
2026-04-14 11:31:02,770 | INFO | System boot started
2026-04-14 11:31:02,772 | INFO | Tables verified / created
2026-04-14 11:31:02,780 | INFO | Seed data inserted successfully
2026-04-14 11:32:09,174 | INFO | System session ended at 2026-04-14 11:32:09.174614
2026-04-14 11:32:18,468 | INFO | System boot started
2026-04-14 11:32:18,470 | INFO | Tables verified / created
2026-04-14 11:32:18,494 | INFO | Seed data inserted successfully
2026-04-14 11:34:08,889 | INFO | System session ended at 2026-04-14 11:34:08.889593
2026-04-14 11:36:07,813 | INFO | System boot started
2026-04-14 11:36:07,814 | INFO | Tables verified / created
2026-04-14 11:36:07,835 | INFO | Seed data inserted successfully
2026-04-14 11:37:33,467 | INFO | System session ended at 2026-04-14 11:37:33.467396
2026-04-14 11:39:04,817 | INFO | System boot started
2026-04-14 11:39:04,818 | INFO | Tables verified / created
2026-04-14 11:39:04,843 | INFO | Seed data inserted successfully
2026-04-14 11:39:37,794 | INFO | System session ended at 2026-04-14 11:39:37.794361
2026-04-25 16:20:41,165 | INFO | System boot started
2026-04-25 16:20:41,179 | INFO | Tables verified / created
2026-04-25 16:20:41,194 | INFO | Seed data inserted successfully
2026-04-25 16:24:32,736 | INFO | System session ended at 2026-04-25 16:24:32.736449
2026-04-25 16:31:38,278 | INFO | System boot started
2026-04-25 16:31:38,279 | INFO | Tables verified / created
2026-04-25 16:31:38,300 | INFO | Seed data inserted successfully
2026-04-25 16:38:38,809 | INFO | System session ended at 2026-04-25 16:38:38.809790
2026-04-25 16:53:48,909 | INFO | System boot started
2026-04-25 16:53:49,004 | INFO | Tables verified / created
2026-04-25 16:53:49,020 | INFO | Seed data inserted successfully
2026-04-25 16:57:38,661 | INFO | System session ended at 2026-04-25 16:57:38.661918
2026-04-25 16:59:26,058 | INFO | System boot started
2026-04-25 16:59:26,058 | INFO | Tables verified / created
2026-04-25 16:59:26,078 | INFO | Seed data inserted successfully
2026-04-25 17:01:41,870 | INFO | System session ended at 2026-04-25 17:01:41.870963
2026-04-25 18:56:48,701 | INFO | System boot started
2026-04-25 18:56:48,702 | INFO | Tables verified / created
2026-04-25 18:56:48,710 | INFO | Seed data inserted successfully
2026-04-25 19:05:12,481 | INFO | System session ended at 2026-04-25 19:05:12.481184
2026-04-25 19:05:54,914 | INFO | System boot started
2026-04-25 19:05:54,930 | INFO | Tables verified / created
2026-04-25 19:05:54,962 | INFO | Seed data inserted successfully
2026-04-25 19:07:35,125 | INFO | System session ended at 2026-04-25 19:07:35.125400
2026-04-25 19:07:38,611 | INFO | System boot started
2026-04-25 19:07:38,612 | INFO | Tables verified / created
2026-04-25 19:07:38,648 | INFO | Seed data inserted successfully
2026-04-25 19:09:01,091 | INFO | System session ended at 2026-04-25 19:09:01.091672
2026-04-25 19:09:05,162 | INFO | System boot started
2026-04-25 19:09:05,163 | INFO | Tables verified / created
2026-04-25 19:09:05,184 | INFO | Seed data inserted successfully
2026-04-25 19:10:12,206 | INFO | System session ended at 2026-04-25 19:10:12.206476
2026-04-25 19:10:54,045 | INFO | System boot started
2026-04-25 19:10:54,046 | INFO | Tables verified / created
2026-04-25 19:10:54,056 | INFO | Seed data inserted successfully
2026-04-25 19:15:12,318 | INFO | System session ended at 2026-04-25 19:15:12.318318
2026-04-25 19:15:15,029 | INFO | System boot started
2026-04-25 19:15:15,031 | INFO | Tables verified / created
2026-04-25 19:15:15,036 | INFO | Seed data inserted successfully
2026-04-25 19:15:39,879 | INFO | System session ended at 2026-04-25 19:15:39.879985
2026-04-25 19:15:46,385 | INFO | System boot started
2026-04-25 19:15:46,386 | INFO | Tables verified / created
2026-04-25 19:15:46,393 | INFO | Seed data inserted successfully
2026-04-25 19:18:18,487 | INFO | System session ended at 2026-04-25 19:18:18.487955
2026-04-25 19:27:31,208 | INFO | System boot started
2026-04-25 19:27:31,209 | INFO | Tables verified / created
2026-04-25 19:27:31,220 | INFO | Seed data inserted successfully
2026-04-25 19:28:41,789 | INFO | System session ended at 2026-04-25 19:28:41.789836
2026-04-25 19:33:14,528 | INFO | System boot started
2026-04-25 19:33:14,531 | INFO | Tables verified / created
2026-04-25 19:33:14,568 | INFO | Seed data inserted successfully
2026-04-25 19:33:42,449 | INFO | System session ended at 2026-04-25 19:33:42.449147
2026-04-25 22:18:19,867 | INFO | System boot started
2026-04-25 22:18:19,868 | INFO | Tables verified / created
2026-04-25 22:18:19,889 | INFO | Seed data inserted successfully
2026-04-25 23:23:09,670 | INFO | System session ended at 2026-04-25 23:23:09.669955
2026-04-25 23:47:17,748 | INFO | System boot started
2026-04-25 23:47:17,749 | INFO | Tables verified / created
2026-04-25 23:47:17,784 | INFO | Seed data inserted successfully
2026-04-25 23:47:34,957 | INFO | System session ended at 2026-04-25 23:47:34.957107
2026-04-26 00:07:54,023 | INFO | System boot started
2026-04-26 00:07:54,023 | INFO | Tables verified / created
2026-04-26 00:07:54,039 | INFO | Seed data inserted successfully
2026-04-26 00:20:31,148 | INFO | System session ended at 2026-04-26 00:20:31.148605
2026-04-26 00:21:15,068 | INFO | System boot started
2026-04-26 00:21:15,068 | INFO | Tables verified / created
2026-04-26 00:21:15,084 | INFO | Seed data inserted successfully
2026-04-26 00:22:26,518 | INFO | System session ended at 2026-04-26 00:22:26.518919
2026-04-26 00:23:25,276 | INFO | System boot started
2026-04-26 00:23:25,276 | INFO | Tables verified / created
2026-04-26 00:23:25,295 | INFO | Seed data inserted successfully
2026-04-26 00:24:03,051 | INFO | System session ended at 2026-04-26 00:24:03.051243
2026-04-26 00:24:25,068 | INFO | System boot started
2026-04-26 00:24:25,068 | INFO | Tables verified / created
2026-04-26 00:24:25,084 | INFO | Seed data inserted successfully
2026-04-26 00:25:56,516 | INFO | System session ended at 2026-04-26 00:25:56.516850
2026-04-26 00:28:26,058 | INFO | System boot started
2026-04-26 00:28:26,074 | INFO | Tables verified / created
2026-04-26 00:28:26,074 | INFO | Seed data inserted successfully
2026-04-26 00:30:03,482 | INFO | System session ended at 2026-04-26 00:30:03.482448
2026-04-26 00:32:24,411 | INFO | System boot started
2026-04-26 00:32:24,411 | INFO | Tables verified / created
2026-04-26 00:32:24,436 | INFO | Seed data inserted successfully
2026-04-26 00:33:19,492 | INFO | System session ended at 2026-04-26 00:33:19.492653
